<?xml version="1.0" encoding="UTF-8"?>
<testng-results ignored="0" total="2" passed="2" failed="0" skipped="0">
  <reporter-output>
  </reporter-output>
  <suite started-at="2022-11-13T14:43:58 CST" name="Regression" finished-at="2022-11-13T14:44:12 CST" duration-ms="13400">
    <groups>
    </groups>
    <test started-at="2022-11-13T14:43:58 CST" name="Test" finished-at="2022-11-13T14:44:12 CST" duration-ms="13400">
      <class name="com.TeseCases.LOginPageTest">
        <test-method is-config="true" signature="SetUp1()[pri:0, instance:com.TeseCases.LOginPageTest@58695725]" started-at="2022-11-13T14:43:58 CST" name="SetUp1" finished-at="2022-11-13T14:44:03 CST" duration-ms="4610" status="PASS">
          <reporter-output>
          </reporter-output>
        </test-method> <!-- SetUp1 -->
        <test-method signature="VerifyTitleofThePage()[pri:1, instance:com.TeseCases.LOginPageTest@58695725]" started-at="2022-11-13T14:44:03 CST" name="VerifyTitleofThePage" finished-at="2022-11-13T14:44:03 CST" duration-ms="33" status="PASS">
          <reporter-output>
          </reporter-output>
        </test-method> <!-- VerifyTitleofThePage -->
        <test-method is-config="true" signature="TearDowm()[pri:0, instance:com.TeseCases.LOginPageTest@58695725]" started-at="2022-11-13T14:44:03 CST" name="TearDowm" finished-at="2022-11-13T14:44:03 CST" duration-ms="474" status="PASS">
          <reporter-output>
          </reporter-output>
        </test-method> <!-- TearDowm -->
        <test-method is-config="true" signature="SetUp1()[pri:0, instance:com.TeseCases.LOginPageTest@58695725]" started-at="2022-11-13T14:44:03 CST" name="SetUp1" finished-at="2022-11-13T14:44:06 CST" duration-ms="2780" status="PASS">
          <reporter-output>
          </reporter-output>
        </test-method> <!-- SetUp1 -->
        <test-method signature="VerifyLoginPage()[pri:2, instance:com.TeseCases.LOginPageTest@58695725]" started-at="2022-11-13T14:44:06 CST" name="VerifyLoginPage" finished-at="2022-11-13T14:44:11 CST" duration-ms="5259" status="PASS">
          <reporter-output>
          </reporter-output>
        </test-method> <!-- VerifyLoginPage -->
        <test-method is-config="true" signature="TearDowm()[pri:0, instance:com.TeseCases.LOginPageTest@58695725]" started-at="2022-11-13T14:44:11 CST" name="TearDowm" finished-at="2022-11-13T14:44:12 CST" duration-ms="185" status="PASS">
          <reporter-output>
          </reporter-output>
        </test-method> <!-- TearDowm -->
      </class> <!-- com.TeseCases.LOginPageTest -->
    </test> <!-- Test -->
  </suite> <!-- Regression -->
</testng-results>
